0 info it worked if it ends with ok
1 verbose cli [ 'C:\\Program Files\\nodejs\\\\node.exe',
1 verbose cli   'C:\\Program Files\\nodejs\\node_modules\\npm\\bin\\npm-cli.js',
1 verbose cli   'install' ]
2 info using npm@1.4.28
3 info using node@v0.10.35
4 verbose node symlink C:\Program Files\nodejs\\node.exe
5 warn package.json nodeql@0.0.1 No repository field.
6 warn package.json nodeql@0.0.1 No README data
7 verbose readDependencies using package.json deps
8 verbose install where, deps [ 'C:\\dev\\nodeql', [ 'sequel', 'mocha' ] ]
9 info preinstall nodeql@0.0.1
10 verbose readDependencies using package.json deps
11 verbose cache add [ 'sequel@^3.10.0', null ]
12 verbose cache add name=undefined spec="sequel@^3.10.0" args=["sequel@^3.10.0",null]
13 verbose parsed url { protocol: null,
13 verbose parsed url   slashes: null,
13 verbose parsed url   auth: null,
13 verbose parsed url   host: null,
13 verbose parsed url   port: null,
13 verbose parsed url   hostname: null,
13 verbose parsed url   hash: null,
13 verbose parsed url   search: null,
13 verbose parsed url   query: null,
13 verbose parsed url   pathname: 'sequel@^3.10.0',
13 verbose parsed url   path: 'sequel@^3.10.0',
13 verbose parsed url   href: 'sequel@^3.10.0' }
14 verbose already installed skipping mocha@^2.2.5 C:\dev\nodeql
15 verbose cache add name="sequel" spec="^3.10.0" args=["sequel","^3.10.0"]
16 verbose parsed url { protocol: null,
16 verbose parsed url   slashes: null,
16 verbose parsed url   auth: null,
16 verbose parsed url   host: null,
16 verbose parsed url   port: null,
16 verbose parsed url   hostname: null,
16 verbose parsed url   hash: null,
16 verbose parsed url   search: null,
16 verbose parsed url   query: null,
16 verbose parsed url   pathname: '^3.10.0',
16 verbose parsed url   path: '^3.10.0',
16 verbose parsed url   href: '^3.10.0' }
17 verbose addNamed [ 'sequel', '^3.10.0' ]
18 verbose addNamed [ null, '>=3.10.0-0 <4.0.0-0' ]
19 silly lockFile 511eb482-sequel-3-10-0 sequel@^3.10.0
20 verbose lock sequel@^3.10.0 C:\Users\Ethan\AppData\Roaming\npm-cache\511eb482-sequel-3-10-0.lock
21 silly addNameRange { name: 'sequel', range: '>=3.10.0-0 <4.0.0-0', hasData: false }
22 verbose request where is /sequel
23 verbose request registry https://registry.npmjs.org/
24 verbose request id 430210f822eed185
25 verbose url raw /sequel
26 verbose url resolving [ 'https://registry.npmjs.org/', './sequel' ]
27 verbose url resolved https://registry.npmjs.org/sequel
28 verbose request where is https://registry.npmjs.org/sequel
29 info trying registry request attempt 1 at 20:42:42
30 verbose etag "9BUOIBD5B91BUE3IAQIRI5XU3"
31 http GET https://registry.npmjs.org/sequel
32 http 304 https://registry.npmjs.org/sequel
33 silly registry.get cb [ 304,
33 silly registry.get   { date: 'Fri, 22 May 2015 10:42:42 GMT',
33 silly registry.get     via: '1.1 varnish',
33 silly registry.get     'cache-control': 'max-age=60',
33 silly registry.get     etag: '"9BUOIBD5B91BUE3IAQIRI5XU3"',
33 silly registry.get     age: '0',
33 silly registry.get     connection: 'keep-alive',
33 silly registry.get     'x-served-by': 'cache-syd1622-SYD',
33 silly registry.get     'x-cache': 'HIT',
33 silly registry.get     'x-cache-hits': '1',
33 silly registry.get     'x-timer': 'S1432291362.355073,VS0,VE927',
33 silly registry.get     vary: 'Accept' } ]
34 verbose etag https://registry.npmjs.org/sequel from cache
35 silly addNameRange number 2 { name: 'sequel', range: '>=3.10.0-0 <4.0.0-0', hasData: true }
36 silly addNameRange versions [ 'sequel',
36 silly addNameRange   [ '0.0.3',
36 silly addNameRange     '0.0.4',
36 silly addNameRange     '0.0.6',
36 silly addNameRange     '0.0.7',
36 silly addNameRange     '0.0.8',
36 silly addNameRange     '0.0.9',
36 silly addNameRange     '0.0.10',
36 silly addNameRange     '0.0.11',
36 silly addNameRange     '0.0.12',
36 silly addNameRange     '0.0.13',
36 silly addNameRange     '0.0.14',
36 silly addNameRange     '0.0.15',
36 silly addNameRange     '0.0.16',
36 silly addNameRange     '0.0.17',
36 silly addNameRange     '0.1.0',
36 silly addNameRange     '0.1.1',
36 silly addNameRange     '0.1.2',
36 silly addNameRange     '0.1.3',
36 silly addNameRange     '0.1.4',
36 silly addNameRange     '0.2.0',
36 silly addNameRange     '0.3.2',
36 silly addNameRange     '0.3.3',
36 silly addNameRange     '0.3.4',
36 silly addNameRange     '0.3.5',
36 silly addNameRange     '0.3.6',
36 silly addNameRange     '0.3.7',
36 silly addNameRange     '0.3.8',
36 silly addNameRange     '0.3.9',
36 silly addNameRange     '0.3.10' ] ]
37 silly lockFile 511eb482-sequel-3-10-0 sequel@^3.10.0
38 silly lockFile 511eb482-sequel-3-10-0 sequel@^3.10.0
39 error notarget No compatible version found: sequel@'>=3.10.0-0 <4.0.0-0'
39 error notarget Valid install targets:
39 error notarget ["0.0.3","0.0.4","0.0.6","0.0.7","0.0.8","0.0.9","0.0.10","0.0.11","0.0.12","0.0.13","0.0.14","0.0.15","0.0.16","0.0.17","0.1.0","0.1.1","0.1.2","0.1.3","0.1.4","0.2.0","0.3.2","0.3.3","0.3.4","0.3.5","0.3.6","0.3.7","0.3.8","0.3.9","0.3.10"]
39 error notarget
39 error notarget This is most likely not a problem with npm itself.
39 error notarget In most cases you or one of your dependencies are requesting
39 error notarget a package version that doesn't exist.
40 error System Windows_NT 6.2.9200
41 error command "C:\\Program Files\\nodejs\\\\node.exe" "C:\\Program Files\\nodejs\\node_modules\\npm\\bin\\npm-cli.js" "install"
42 error cwd C:\dev\nodeql
43 error node -v v0.10.35
44 error npm -v 1.4.28
45 error code ETARGET
46 verbose exit [ 1, true ]
